{"/home/manezeu/Microverse-projects/javascript-to-do-list/src/helpers.js": {"path":"/home/manezeu/Microverse-projects/javascript-to-do-list/src/helpers.js","statementMap":{"0":{"start":{"line":2,"column":2},"end":{"line":2,"column":35}},"1":{"start":{"line":3,"column":2},"end":{"line":3,"column":14}}},"fnMap":{"0":{"name":"(anonymous_0)","decl":{"start":{"line":1,"column":15},"end":{"line":1,"column":16}},"loc":{"start":{"line":1,"column":25},"end":{"line":4,"column":1}},"line":1}},"branchMap":{},"s":{"0":1,"1":1},"f":{"0":1},"b":{},"_coverageSchema":"1a1c01bbd47fc00a2c39e90264f33305004495a9","hash":"e734920eb794936c4fbb56aa541b0fbcdafec33d"}
}
